生成启动时间为 9/27/2017 7:09:01 PM。
     1>项目“F:\Users\visual studio 2013\Projects\Microvision\LDW\LDW test - 副本\build\LaneDetect.vcxproj”在节点 2 上(Build 个目标)。
     1>C:\Program Files (x86)\MSBuild\Microsoft.Cpp\v4.0\V120\Microsoft.CppBuild.targets(388,5): warning MSB8028: The intermediate directory (..\build\) contains files shared from another project (autoCalib.vcxproj, LaneDetect.vcxproj).  This can lead to incorrect clean and rebuild behavior.
     1>ClCompile:
         C:\Program Files (x86)\Microsoft Visual Studio 12.0\VC\bin\CL.exe /c /I..\extra\include\opencv /I..\extra\include\opencv2 /I..\extra\include /I..\code /I..\code\dpm /ZI /nologo /W4 /WX- /sdl /Od /Oy- /D WIN32 /D _DEBUG /D _CONSOLE /D _LIB /D _UNICODE /D UNICODE /Gm /EHsc /RTC1 /MDd /GS /fp:precise /Zc:wchar_t /Zc:forScope /Fo"..\build\\" /Fd"..\build\vc120.pdb" /Gd /TP /analyze- /errorReport:prompt ..\code\Ldw.cpp "..\code\LDWCalibration-aruco.cpp"
         LDWCalibration-aruco.cpp
     1>f:\users\visual studio 2013\projects\microvision\ldw\ldw test - 副本\extra\include\opencv2\core\mat.hpp(1965): warning C4819: 该文件包含不能在当前代码页(936)中表示的字符。请将该文件保存为 Unicode 格式以防止数据丢失
     1>f:\users\visual studio 2013\projects\microvision\ldw\ldw test - 副本\extra\include\opencv2\core\persistence.hpp : warning C4819: 该文件包含不能在当前代码页(936)中表示的字符。请将该文件保存为 Unicode 格式以防止数据丢失
     1>f:\users\visual studio 2013\projects\microvision\ldw\ldw test - 副本\extra\include\opencv2\core\utility.hpp : warning C4819: 该文件包含不能在当前代码页(936)中表示的字符。请将该文件保存为 Unicode 格式以防止数据丢失
     1>f:\users\visual studio 2013\projects\microvision\ldw\ldw test - 副本\code\ldwcalibration-aruco.cpp(32): warning C4244: “参数”: 从“double”转换到“int”，可能丢失数据
     1>f:\users\visual studio 2013\projects\microvision\ldw\ldw test - 副本\code\ldwcalibration-aruco.cpp(28): warning C4100: “dL”: 未引用的形参
     1>f:\users\visual studio 2013\projects\microvision\ldw\ldw test - 副本\code\ldwcalibration-aruco.cpp(102): warning C4244: “=”: 从“int”转换到“char”，可能丢失数据
         Ldw.cpp
     1>f:\users\visual studio 2013\projects\microvision\ldw\ldw test - 副本\extra\include\opencv2\core\mat.hpp(1965): warning C4819: 该文件包含不能在当前代码页(936)中表示的字符。请将该文件保存为 Unicode 格式以防止数据丢失
     1>f:\users\visual studio 2013\projects\microvision\ldw\ldw test - 副本\extra\include\opencv2\core\persistence.hpp : warning C4819: 该文件包含不能在当前代码页(936)中表示的字符。请将该文件保存为 Unicode 格式以防止数据丢失
     1>f:\users\visual studio 2013\projects\microvision\ldw\ldw test - 副本\extra\include\opencv2\core\utility.hpp : warning C4819: 该文件包含不能在当前代码页(936)中表示的字符。请将该文件保存为 Unicode 格式以防止数据丢失
     1>f:\users\visual studio 2013\projects\microvision\ldw\ldw test - 副本\code\ldw.cpp(103): warning C4018: “<”: 有符号/无符号不匹配
     1>f:\users\visual studio 2013\projects\microvision\ldw\ldw test - 副本\code\ldw.cpp(202): warning C4244: “=”: 从“double”转换到“float”，可能丢失数据
     1>f:\users\visual studio 2013\projects\microvision\ldw\ldw test - 副本\code\ldw.cpp(299): warning C4244: “=”: 从“double”转换到“float”，可能丢失数据
     1>f:\users\visual studio 2013\projects\microvision\ldw\ldw test - 副本\code\ldw.cpp(335): warning C4100: “lanePoints”: 未引用的形参
     1>f:\users\visual studio 2013\projects\microvision\ldw\ldw test - 副本\code\ldw.cpp(422): warning C4305: “初始化”: 从“double”到“float”截断
     1>f:\users\visual studio 2013\projects\microvision\ldw\ldw test - 副本\code\ldw.cpp(676): warning C4244: “参数”: 从“double”转换到“int”，可能丢失数据
     1>f:\users\visual studio 2013\projects\microvision\ldw\ldw test - 副本\code\ldw.cpp(678): warning C4244: “=”: 从“float”转换到“int”，可能丢失数据
     1>f:\users\visual studio 2013\projects\microvision\ldw\ldw test - 副本\code\ldw.cpp(679): warning C4244: “=”: 从“float”转换到“int”，可能丢失数据
     1>f:\users\visual studio 2013\projects\microvision\ldw\ldw test - 副本\code\ldw.cpp(748): warning C4189: “f”: 局部变量已初始化但不引用
         正在生成代码...
     1>f:\users\visual studio 2013\projects\microvision\ldw\ldw test - 副本\code\ldw.cpp(657): warning C4715: “Ldw::LaneStat”: 不是所有的控件路径都返回值
       Link:
         C:\Program Files (x86)\Microsoft Visual Studio 12.0\VC\bin\link.exe /ERRORREPORT:PROMPT /OUT:"..\build\autoLDW.exe" /INCREMENTAL /NOLOGO /LIBPATH:..\extra\lib opencv_world300d.lib kernel32.lib user32.lib gdi32.lib winspool.lib comdlg32.lib advapi32.lib shell32.lib ole32.lib oleaut32.lib uuid.lib odbc32.lib odbccp32.lib /MANIFEST /MANIFESTUAC:"level='asInvoker' uiAccess='false'" /manifest:embed /DEBUG /PDB:"..\build\autoLDW.pdb" /SUBSYSTEM:CONSOLE /TLBID:1 /DYNAMICBASE /NXCOMPAT /IMPLIB:"..\build\autoLDW.lib" /MACHINE:X86 ..\build\Ldw.obj
         "..\build\LDWCalibration-aruco.obj"
         LaneDetect.vcxproj -> F:\Users\visual studio 2013\Projects\Microvision\LDW\LDW test - 副本\build\..\build\autoLDW.exe
     1>已完成生成项目“F:\Users\visual studio 2013\Projects\Microvision\LDW\LDW test - 副本\build\LaneDetect.vcxproj”(Build 个目标)的操作。

生成成功。

已用时间 00:00:01.77
